0 info it worked if it ends with ok
1 verbose cli [ 'C:\\Program Files\\nodejs\\node.exe',
1 verbose cli   'C:\\Program Files\\nodejs\\node_modules\\npm\\bin\\npm-cli.js',
1 verbose cli   'run',
1 verbose cli   'watch-css' ]
2 info using npm@2.14.7
3 info using node@v4.2.3
4 verbose run-script [ 'prewatch-css', 'watch-css', 'postwatch-css' ]
5 info prewatch-css framework@1.6.3
6 info watch-css framework@1.6.3
7 verbose unsafe-perm in lifecycle true
8 info framework@1.6.3 Failed to exec watch-css script
9 verbose stack Error: framework@1.6.3 watch-css: `sass --watch core/scss/:theme/ theme/scss:theme/ common/scss/`
9 verbose stack Exit status 1
9 verbose stack     at EventEmitter.<anonymous> (C:\Program Files\nodejs\node_modules\npm\lib\utils\lifecycle.js:214:16)
9 verbose stack     at emitTwo (events.js:87:13)
9 verbose stack     at EventEmitter.emit (events.js:172:7)
9 verbose stack     at ChildProcess.<anonymous> (C:\Program Files\nodejs\node_modules\npm\lib\utils\spawn.js:24:14)
9 verbose stack     at emitTwo (events.js:87:13)
9 verbose stack     at ChildProcess.emit (events.js:172:7)
9 verbose stack     at maybeClose (internal/child_process.js:818:16)
9 verbose stack     at Process.ChildProcess._handle.onexit (internal/child_process.js:211:5)
10 verbose pkgid framework@1.6.3
11 verbose cwd C:\MED IN PROGRESS\SNAP\course1\bin
12 error Windows_NT 6.1.7601
13 error argv "C:\\Program Files\\nodejs\\node.exe" "C:\\Program Files\\nodejs\\node_modules\\npm\\bin\\npm-cli.js" "run" "watch-css"
14 error node v4.2.3
15 error npm  v2.14.7
16 error code ELIFECYCLE
17 error framework@1.6.3 watch-css: `sass --watch core/scss/:theme/ theme/scss:theme/ common/scss/`
17 error Exit status 1
18 error Failed at the framework@1.6.3 watch-css script 'sass --watch core/scss/:theme/ theme/scss:theme/ common/scss/'.
18 error This is most likely a problem with the framework package,
18 error not with npm itself.
18 error Tell the author that this fails on your system:
18 error     sass --watch core/scss/:theme/ theme/scss:theme/ common/scss/
18 error You can get their info via:
18 error     npm owner ls framework
18 error There is likely additional logging output above.
19 verbose exit [ 1, true ]
